<?xml version="1.0" encoding="UTF-8"?>
<!-- Generated by org.testng.reporters.JUnitReportReporter -->
<testsuite skipped="1" hostname="LAPTOP-QNPV151A" name="com.jbk.DependsOnMethod" tests="6" failures="0" timestamp="27 Apr 2022 09:40:22 GMT" time="0.017" errors="0">
  <testcase name="test05" time="0.001" classname="com.jbk.DependsOnMethod"/>
  <testcase name="test02" time="0.002" classname="com.jbk.DependsOnMethod"/>
  <testcase name="test01" time="0.012" classname="com.jbk.DependsOnMethod"/>
  <testcase name="test03" time="0.001" classname="com.jbk.DependsOnMethod"/>
  <testcase name="test04" time="0.001" classname="com.jbk.DependsOnMethod"/>
  <testcase name="test06" classname="com.jbk.DependsOnMethod">
    <skipped/>
  </testcase> <!-- test06 -->
</testsuite> <!-- com.jbk.DependsOnMethod -->
